
> react-typescript-starter@0.1.0 test
> react-scripts test --coverage

Browserslist: caniuse-lite is outdated. Please run:
  npx browserslist@latest --update-db
  Why you should do it regularly: https://github.com/browserslist/browserslist#browsers-data-updating
PASS src/App.test.tsx
  ✓ renders the course name somewhere (33 ms)

--------------------|---------|----------|---------|---------|-------------------
File                | % Stmts | % Branch | % Funcs | % Lines | Uncovered Line #s 
--------------------|---------|----------|---------|---------|-------------------
All files           |    1.78 |        0 |    5.88 |    1.81 |                   
 src                |    1.92 |        0 |    5.88 |    1.96 |                   
  App.tsx           |     100 |      100 |     100 |     100 |                   
  Board.tsx         |       0 |        0 |       0 |       0 | 10-53             
  BoardSquare.tsx   |       0 |        0 |       0 |       0 | 13-26             
  FridgeButtons.tsx |       0 |      100 |       0 |       0 | 4-5               
  Overlay.tsx       |       0 |      100 |       0 |       0 | 7-8               
  Pic.tsx           |       0 |        0 |       0 |       0 | 6-19              
  Square.tsx        |       0 |        0 |       0 |       0 | 7-11              
  constants.ts      |       0 |      100 |     100 |       0 | 1                 
  game.ts           |       0 |        0 |       0 |       0 | 4-36              
 src/Interfaces     |       0 |        0 |       0 |       0 |                   
  food.ts           |       0 |        0 |       0 |       0 |                   
 src/data           |       0 |      100 |     100 |       0 |                   
  foodList.ts       |       0 |      100 |     100 |       0 | 9-48              
--------------------|---------|----------|---------|---------|-------------------
Test Suites: 1 passed, 1 total
Tests:       1 passed, 1 total
Snapshots:   0 total
Time:        1.927 s
Ran all test suites.
