
> react-typescript-starter@0.1.0 test
> react-scripts test --coverage

Browserslist: caniuse-lite is outdated. Please run:
  npx browserslist@latest --update-db
  Why you should do it regularly: https://github.com/browserslist/browserslist#browsers-data-updating
PASS src/App.test.tsx
  ✓ renders the course name somewhere (32 ms)

-------------------|---------|----------|---------|---------|-------------------
File               | % Stmts | % Branch | % Funcs | % Lines | Uncovered Line #s 
-------------------|---------|----------|---------|---------|-------------------
All files          |    0.86 |        0 |    2.63 |    0.87 |                   
 src               |    0.89 |        0 |    2.63 |     0.9 |                   
  App.tsx          |     100 |      100 |     100 |     100 |                   
  Board.tsx        |       0 |        0 |       0 |       0 | 16-96             
  BoardSquare.tsx  |       0 |        0 |       0 |       0 | 15-31             
  Container.tsx    |       0 |      100 |       0 |       0 | 15-53             
  DraggableBox.tsx |       0 |        0 |       0 |       0 | 8-35              
  Overlay.tsx      |       0 |      100 |       0 |       0 | 7-8               
  Pic.tsx          |       0 |        0 |       0 |       0 | 9-18              
  Plate.tsx        |       0 |        0 |       0 |       0 | 18-80             
  Square.tsx       |       0 |      100 |       0 |       0 | 7-8               
  Trash.tsx        |       0 |        0 |       0 |       0 | 12-40             
  constants.ts     |       0 |      100 |     100 |       0 | 1                 
  game.ts          |       0 |        0 |       0 |       0 | 4-35              
 src/Interfaces    |       0 |        0 |       0 |       0 |                   
  BoxMap.ts        |       0 |        0 |       0 |       0 |                   
  DragItem.ts      |       0 |        0 |       0 |       0 |                   
  food.ts          |       0 |        0 |       0 |       0 |                   
 src/data          |       0 |      100 |     100 |       0 |                   
  foodList.ts      |       0 |      100 |     100 |       0 | 23-152            
-------------------|---------|----------|---------|---------|-------------------
Test Suites: 1 passed, 1 total
Tests:       1 passed, 1 total
Snapshots:   0 total
Time:        2.202 s
Ran all test suites.
